<?xml version="1.0" encoding="UTF-8"?>
<!-- Generated by org.testng.reporters.JUnitReportReporter -->
<testsuite skipped="0" hostname="MACs-MacBook-Pro.local" name="AbcTests" tests="4" failures="0" timestamp="2020-12-07T21:29:02 IST" time="4.982" errors="0">
  <testcase name="test_2" time="0.184" classname="AbcTests"/>
  <testcase name="test_3" time="0.177" classname="AbcTests"/>
  <testcase name="test_1" time="4.417" classname="AbcTests"/>
  <testcase name="test_4" time="0.204" classname="AbcTests"/>
</testsuite> <!-- AbcTests -->
