<?xml version="1.0" encoding="UTF-8"?>
<!-- Generated by org.testng.reporters.JUnitReportReporter -->
<testsuite hostname="MACs-MacBook-Pro.local" failures="0" tests="1" name="DefaultHostAndPortExample" time="2.731" errors="0" timestamp="2020-12-17T10:40:07 IST" skipped="0">
  <testcase classname="DefaultHostAndPortExample" name="Tests" time="2.731"/>
</testsuite> <!-- DefaultHostAndPortExample -->
