<?xml version="1.0" encoding="UTF-8"?>
<!-- Generated by org.testng.reporters.JUnitReportReporter -->
<testsuite hostname="MACs-MacBook-Pro.local" failures="0" tests="1" name="CreateJsonObjectUsingJacksonAPI" time="0.487" errors="0" timestamp="2020-12-17T11:44:30 IST" skipped="0">
  <testcase classname="CreateJsonObjectUsingJacksonAPI" name="CreatingNestedJsonObjectTest" time="0.487"/>
</testsuite> <!-- CreateJsonObjectUsingJacksonAPI -->
