<?xml version="1.0" encoding="UTF-8"?>
<!-- Generated by org.testng.reporters.JUnitReportReporter -->
<testsuite hostname="MACs-MacBook-Pro.local" failures="0" tests="1" name="ParseNestedJsonObjectToReadValues" time="0.296" errors="0" timestamp="2020-12-17T13:30:55 IST" skipped="0">
  <testcase classname="ParseNestedJsonObjectToReadValues" name="parseJsonObjectToReadValues" time="0.296"/>
</testsuite> <!-- ParseNestedJsonObjectToReadValues -->
