<?xml version="1.0" encoding="UTF-8"?>
<!-- Generated by org.testng.reporters.JUnitReportReporter -->
<testsuite hostname="MACs-MacBook-Pro.local" failures="0" tests="1" name="EmployeeSerializationDeserialization" time="0.310" errors="0" timestamp="2020-12-17T12:19:14 IST" skipped="0">
  <testcase classname="EmployeeSerializationDeserialization" name="getPojoFromEmployeeObjectToFile" time="0.310"/>
</testsuite> <!-- EmployeeSerializationDeserialization -->
