<?xml version="1.0" encoding="UTF-8"?>
<!-- Generated by org.testng.reporters.JUnitReportReporter -->
<testsuite hostname="MACs-MacBook-Pro.local" failures="0" tests="1" name="GetAllKeysFromJsonObject" time="0.303" errors="0" timestamp="2020-12-17T13:23:48 IST" skipped="0">
  <testcase classname="GetAllKeysFromJsonObject" name="getAllKeysFromNestedJsonObjectUsingMap" time="0.303"/>
</testsuite> <!-- GetAllKeysFromJsonObject -->
