<?xml version="1.0" encoding="UTF-8"?>
<!-- Generated by org.testng.reporters.JUnitReportReporter -->
<testsuite hostname="MACs-MacBook-Pro.local" failures="0" tests="2" name="DefaultRequestSpecificationExample" time="6.024" errors="0" timestamp="2020-12-17T10:40:39 IST" skipped="0">
  <testcase classname="DefaultRequestSpecificationExample" name="overrideDefaultRequestSpecification" time="4.762"/>
  <testcase classname="DefaultRequestSpecificationExample" name="useDefaultRequestSpecification" time="1.262"/>
</testsuite> <!-- DefaultRequestSpecificationExample -->
