<?xml version="1.0" encoding="UTF-8"?>
<testsuite name="AbcTests" tests="4" skipped="0" failures="0" errors="0" timestamp="2020-12-07T15:58:52" hostname="MACs-MacBook-Pro.local" time="4.988">
  <properties/>
  <testcase name="test_1" classname="AbcTests" time="4.417"/>
  <testcase name="test_2" classname="AbcTests" time="0.184"/>
  <testcase name="test_3" classname="AbcTests" time="0.177"/>
  <testcase name="test_4" classname="AbcTests" time="0.204"/>
  <system-out><![CDATA[]]></system-out>
  <system-err><![CDATA[]]></system-err>
</testsuite>
