<?xml version="1.0" encoding="UTF-8"?>
<testsuite name="AbcTests" tests="4" skipped="0" failures="0" errors="0" timestamp="2020-12-07T13:21:20" hostname="MACs-MacBook-Pro.local" time="4.151">
  <properties/>
  <testcase name="test_1" classname="AbcTests" time="3.526"/>
  <testcase name="test_2" classname="AbcTests" time="0.25"/>
  <testcase name="test_3" classname="AbcTests" time="0.177"/>
  <testcase name="test_4" classname="AbcTests" time="0.187"/>
  <system-out><![CDATA[]]></system-out>
  <system-err><![CDATA[]]></system-err>
</testsuite>
