<?xml version="1.0" encoding="UTF-8"?>
<testsuite name="DefaultRequestSpecificationExample" tests="2" skipped="0" failures="0" errors="0" timestamp="2020-12-22T12:49:56" hostname="MACs-MacBook-Pro.local" time="4.701">
  <properties/>
  <testcase name="overrideDefaultRequestSpecification" classname="DefaultRequestSpecificationExample" time="3.517"/>
  <testcase name="useDefaultRequestSpecification" classname="DefaultRequestSpecificationExample" time="1.183"/>
  <system-out><![CDATA[Response for overriding: Created
Response for default: [{"bookingid":20},{"bookingid":7},{"bookingid":13},{"bookingid":4},{"bookingid":3},{"bookingid":12},{"bookingid":1},{"bookingid":8},{"bookingid":9},{"bookingid":16},{"bookingid":6},{"bookingid":25},{"bookingid":15},{"bookingid":22},{"bookingid":24},{"bookingid":19},{"bookingid":26},{"bookingid":21},{"bookingid":14},{"bookingid":10},{"bookingid":11},{"bookingid":23},{"bookingid":17},{"bookingid":2},{"bookingid":5},{"bookingid":18}]
]]></system-out>
  <system-err><![CDATA[]]></system-err>
</testsuite>
