<?xml version="1.0" encoding="UTF-8"?>
<!-- Generated by org.testng.reporters.JUnitReportReporter -->
<testsuite skipped="0" hostname="MACs-MacBook-Pro.local" name="AbcTests" tests="4" failures="0" timestamp="2020-12-07T21:23:57 IST" time="3.928" errors="0">
  <testcase name="test_3" time="0.195" classname="AbcTests"/>
  <testcase name="test_4" time="0.236" classname="AbcTests"/>
  <testcase name="test_2" time="0.231" classname="AbcTests"/>
  <testcase name="test_1" time="3.266" classname="AbcTests"/>
</testsuite> <!-- AbcTests -->
