<?xml version="1.0" encoding="UTF-8"?>
<testsuite name="AbcTests" tests="4" skipped="0" failures="0" errors="0" timestamp="2020-12-07T15:53:48" hostname="MACs-MacBook-Pro.local" time="3.933">
  <properties/>
  <testcase name="test_1" classname="AbcTests" time="3.266"/>
  <testcase name="test_2" classname="AbcTests" time="0.231"/>
  <testcase name="test_3" classname="AbcTests" time="0.195"/>
  <testcase name="test_4" classname="AbcTests" time="0.236"/>
  <system-out><![CDATA[]]></system-out>
  <system-err><![CDATA[]]></system-err>
</testsuite>
