<?xml version="1.0" encoding="UTF-8"?>
<!-- Generated by org.testng.reporters.JUnitReportReporter -->
<testsuite skipped="0" hostname="MACs-MacBook-Pro.local" name="AbcTests" tests="4" failures="0" timestamp="2020-12-14T09:06:13 IST" time="5.332" errors="0">
  <testcase name="test_3" time="0.249" classname="AbcTests"/>
  <testcase name="test_1" time="4.596" classname="AbcTests"/>
  <testcase name="test_2" time="0.280" classname="AbcTests"/>
  <testcase name="test_4" time="0.207" classname="AbcTests"/>
</testsuite> <!-- AbcTests -->
