<?xml version="1.0" encoding="UTF-8"?>
<!-- Generated by org.testng.reporters.JUnitReportReporter -->
<testsuite hostname="MACs-MacBook-Pro.local" failures="0" tests="2" name="DefaultRequestSpecificationExample" time="4.700" errors="0" timestamp="2020-12-22T18:20:06 IST" skipped="0">
  <testcase classname="DefaultRequestSpecificationExample" name="useDefaultRequestSpecification" time="1.183"/>
  <testcase classname="DefaultRequestSpecificationExample" name="overrideDefaultRequestSpecification" time="3.517"/>
</testsuite> <!-- DefaultRequestSpecificationExample -->
